Flow report for AllenWuIsHandsome
Sat Sep 17 17:13:10 2022
Quartus II 64-Bit Version 15.0.0 Build 145 04/22/2015 SJ Full Version


---------------------
; Table of Contents ;
---------------------
  1. Legal Notice
  2. Flow Summary
  3. Flow Settings
  4. Flow Non-Default Global Settings
  5. Flow Elapsed Time
  6. Flow OS Summary
  7. Flow Log
  8. Flow Messages
  9. Flow Suppressed Messages



----------------
; Legal Notice ;
----------------
Copyright (C) 1991-2015 Altera Corporation. All rights reserved.
Your use of Altera Corporation's design tools, logic functions 
and other software and tools, and its AMPP partner logic 
functions, and any output files from any of the foregoing 
(including device programming or simulation files), and any 
associated documentation or information are expressly subject 
to the terms and conditions of the Altera Program License 
Subscription Agreement, the Altera Quartus II License Agreement,
the Altera MegaCore Function License Agreement, or other 
applicable license agreement, including, without limitation, 
that your use is for the sole purpose of programming logic 
devices manufactured by Altera and sold by Altera or its 
authorized distributors.  Please refer to the applicable 
agreement for further details.



+----------------------------------------------------------------------------------+
; Flow Summary                                                                     ;
+------------------------------------+---------------------------------------------+
; Flow Status                        ; Successful - Sat Sep 17 17:13:03 2022       ;
; Quartus II 64-Bit Version          ; 15.0.0 Build 145 04/22/2015 SJ Full Version ;
; Revision Name                      ; AllenWuIsHandsome                           ;
; Top-level Entity Name              ; DE2_115                                     ;
; Family                             ; Cyclone IV E                                ;
; Device                             ; EP4CE115F29C7                               ;
; Timing Models                      ; Final                                       ;
; Total logic elements               ; 38 / 114,480 ( < 1 % )                      ;
;     Total combinational functions  ; 37 / 114,480 ( < 1 % )                      ;
;     Dedicated logic registers      ; 18 / 114,480 ( < 1 % )                      ;
; Total registers                    ; 18                                          ;
; Total pins                         ; 518 / 529 ( 98 % )                          ;
; Total virtual pins                 ; 0                                           ;
; Total memory bits                  ; 0 / 3,981,312 ( 0 % )                       ;
; Embedded Multiplier 9-bit elements ; 0 / 532 ( 0 % )                             ;
; Total PLLs                         ; 0 / 4 ( 0 % )                               ;
+------------------------------------+---------------------------------------------+


+-----------------------------------------+
; Flow Settings                           ;
+-------------------+---------------------+
; Option            ; Setting             ;
+-------------------+---------------------+
; Start date & time ; 09/17/2022 17:12:27 ;
; Main task         ; Compilation         ;
; Revision Name     ; AllenWuIsHandsome   ;
+-------------------+---------------------+


+----------------------------------------------------------------------------------------------------------------------------+
; Flow Non-Default Global Settings                                                                                           ;
+-------------------------------------+---------------------------------------+-------------------+-------------+------------+
; Assignment Name                     ; Value                                 ; Default Value     ; Entity Name ; Section Id ;
+-------------------------------------+---------------------------------------+-------------------+-------------+------------+
; COMPILER_SIGNATURE_ID               ; 39908817860176.166340594700852        ; --                ; --          ; --         ;
; MAX_CORE_JUNCTION_TEMP              ; 85                                    ; --                ; --          ; --         ;
; MIN_CORE_JUNCTION_TEMP              ; 0                                     ; --                ; --          ; --         ;
; OUTPUT_IO_TIMING_FAR_END_VMEAS      ; Half Signal Swing                     ; --                ; --          ; --         ;
; OUTPUT_IO_TIMING_FAR_END_VMEAS      ; Half Signal Swing                     ; --                ; --          ; --         ;
; OUTPUT_IO_TIMING_NEAR_END_VMEAS     ; Half Vccio                            ; --                ; --          ; --         ;
; OUTPUT_IO_TIMING_NEAR_END_VMEAS     ; Half Vccio                            ; --                ; --          ; --         ;
; PARTITION_COLOR                     ; 16764057                              ; --                ; DE2_115     ; Top        ;
; PARTITION_FITTER_PRESERVATION_LEVEL ; PLACEMENT_AND_ROUTING                 ; --                ; DE2_115     ; Top        ;
; PARTITION_NETLIST_TYPE              ; SOURCE                                ; --                ; DE2_115     ; Top        ;
; POWER_BOARD_THERMAL_MODEL           ; None (CONSERVATIVE)                   ; --                ; --          ; --         ;
; POWER_PRESET_COOLING_SOLUTION       ; 23 MM HEAT SINK WITH 200 LFPM AIRFLOW ; --                ; --          ; --         ;
; PROJECT_OUTPUT_DIRECTORY            ; output_files                          ; --                ; --          ; --         ;
; TOP_LEVEL_ENTITY                    ; DE2_115                               ; AllenWuIsHandsome ; --          ; --         ;
+-------------------------------------+---------------------------------------+-------------------+-------------+------------+


+-------------------------------------------------------------------------------------------------------------------------------+
; Flow Elapsed Time                                                                                                             ;
+---------------------------+--------------+-------------------------+---------------------+------------------------------------+
; Module Name               ; Elapsed Time ; Average Processors Used ; Peak Virtual Memory ; Total CPU Time (on all processors) ;
+---------------------------+--------------+-------------------------+---------------------+------------------------------------+
; Analysis & Synthesis      ; 00:00:11     ; 1.0                     ; 4883 MB             ; 00:00:16                           ;
; Fitter                    ; 00:00:16     ; 1.5                     ; 6196 MB             ; 00:00:23                           ;
; Assembler                 ; 00:00:09     ; 1.0                     ; 4758 MB             ; 00:00:04                           ;
; TimeQuest Timing Analyzer ; 00:00:05     ; 1.0                     ; 5001 MB             ; 00:00:03                           ;
; Total                     ; 00:00:41     ; --                      ; --                  ; 00:00:46                           ;
+---------------------------+--------------+-------------------------+---------------------+------------------------------------+


+----------------------------------------------------------------------------------------+
; Flow OS Summary                                                                        ;
+---------------------------+------------------+-----------+------------+----------------+
; Module Name               ; Machine Hostname ; OS Name   ; OS Version ; Processor type ;
+---------------------------+------------------+-----------+------------+----------------+
; Analysis & Synthesis      ; DESKTOP-LSBB8SH  ; Windows 7 ; 6.2        ; x86_64         ;
; Fitter                    ; DESKTOP-LSBB8SH  ; Windows 7 ; 6.2        ; x86_64         ;
; Assembler                 ; DESKTOP-LSBB8SH  ; Windows 7 ; 6.2        ; x86_64         ;
; TimeQuest Timing Analyzer ; DESKTOP-LSBB8SH  ; Windows 7 ; 6.2        ; x86_64         ;
+---------------------------+------------------+-----------+------------+----------------+


------------
; Flow Log ;
------------
quartus_map --read_settings_files=on --write_settings_files=off AllenWuIsHandsome -c AllenWuIsHandsome
quartus_fit --read_settings_files=off --write_settings_files=off AllenWuIsHandsome -c AllenWuIsHandsome
quartus_asm --read_settings_files=off --write_settings_files=off AllenWuIsHandsome -c AllenWuIsHandsome
quartus_sta AllenWuIsHandsome -c AllenWuIsHandsome



