Flow report for YuHsinChanIsHandsome
Fri Sep 30 11:50:11 2022
Quartus II 64-Bit Version 15.0.0 Build 145 04/22/2015 SJ Full Version


---------------------
; Table of Contents ;
---------------------
  1. Legal Notice
  2. Flow Summary
  3. Flow Settings
  4. Flow Non-Default Global Settings
  5. Flow Elapsed Time
  6. Flow OS Summary
  7. Flow Log
  8. Flow Messages
  9. Flow Suppressed Messages



----------------
; Legal Notice ;
----------------
Copyright (C) 1991-2015 Altera Corporation. All rights reserved.
Your use of Altera Corporation's design tools, logic functions 
and other software and tools, and its AMPP partner logic 
functions, and any output files from any of the foregoing 
(including device programming or simulation files), and any 
associated documentation or information are expressly subject 
to the terms and conditions of the Altera Program License 
Subscription Agreement, the Altera Quartus II License Agreement,
the Altera MegaCore Function License Agreement, or other 
applicable license agreement, including, without limitation, 
that your use is for the sole purpose of programming logic 
devices manufactured by Altera and sold by Altera or its 
authorized distributors.  Please refer to the applicable 
agreement for further details.



+----------------------------------------------------------------------------------+
; Flow Summary                                                                     ;
+------------------------------------+---------------------------------------------+
; Flow Status                        ; Successful - Fri Sep 30 11:50:04 2022       ;
; Quartus II 64-Bit Version          ; 15.0.0 Build 145 04/22/2015 SJ Full Version ;
; Revision Name                      ; YuHsinChanIsHandsome                        ;
; Top-level Entity Name              ; DE2_115                                     ;
; Family                             ; Cyclone IV E                                ;
; Device                             ; EP4CE115F29C7                               ;
; Timing Models                      ; Final                                       ;
; Total logic elements               ; 0 / 114,480 ( 0 % )                         ;
;     Total combinational functions  ; 0 / 114,480 ( 0 % )                         ;
;     Dedicated logic registers      ; 0 / 114,480 ( 0 % )                         ;
; Total registers                    ; 0                                           ;
; Total pins                         ; 480 / 529 ( 91 % )                          ;
; Total virtual pins                 ; 0                                           ;
; Total memory bits                  ; 0 / 3,981,312 ( 0 % )                       ;
; Embedded Multiplier 9-bit elements ; 0 / 532 ( 0 % )                             ;
; Total PLLs                         ; 0 / 4 ( 0 % )                               ;
+------------------------------------+---------------------------------------------+


+------------------------------------------+
; Flow Settings                            ;
+-------------------+----------------------+
; Option            ; Setting              ;
+-------------------+----------------------+
; Start date & time ; 09/30/2022 11:49:31  ;
; Main task         ; Compilation          ;
; Revision Name     ; YuHsinChanIsHandsome ;
+-------------------+----------------------+


+----------------------------------------------------------------------------------------------------------------------------------------------------+
; Flow Non-Default Global Settings                                                                                                                   ;
+-------------------------------------+------------------------------------------------------------+----------------------+-------------+------------+
; Assignment Name                     ; Value                                                      ; Default Value        ; Entity Name ; Section Id ;
+-------------------------------------+------------------------------------------------------------+----------------------+-------------+------------+
; COMPILER_SIGNATURE_ID               ; 39908817860176.166450977115252                             ; --                   ; --          ; --         ;
; MAX_CORE_JUNCTION_TEMP              ; 85                                                         ; --                   ; --          ; --         ;
; MIN_CORE_JUNCTION_TEMP              ; 0                                                          ; --                   ; --          ; --         ;
; MISC_FILE                           ; rsa_qsys/synthesis/../rsa_qsys.cmp                         ; --                   ; --          ; --         ;
; MISC_FILE                           ; rsa_qsys/synthesis/../../rsa_qsys.qsys                     ; --                   ; --          ; --         ;
; NOMINAL_CORE_SUPPLY_VOLTAGE         ; 1.2V                                                       ; --                   ; --          ; --         ;
; PARTITION_COLOR                     ; 16764057                                                   ; --                   ; DE2_115     ; Top        ;
; PARTITION_FITTER_PRESERVATION_LEVEL ; PLACEMENT_AND_ROUTING                                      ; --                   ; DE2_115     ; Top        ;
; PARTITION_NETLIST_TYPE              ; SOURCE                                                     ; --                   ; DE2_115     ; Top        ;
; POWER_BOARD_THERMAL_MODEL           ; None (CONSERVATIVE)                                        ; --                   ; --          ; --         ;
; POWER_PRESET_COOLING_SOLUTION       ; 23 MM HEAT SINK WITH 200 LFPM AIRFLOW                      ; --                   ; --          ; --         ;
; PROJECT_OUTPUT_DIRECTORY            ; output_files                                               ; --                   ; --          ; --         ;
; SLD_FILE                            ; rsa_qsys/synthesis/rsa_qsys.debuginfo                      ; --                   ; --          ; --         ;
; SLD_INFO                            ; QSYS_NAME rsa_qsys HAS_SOPCINFO 1 GENERATION_ID 1664508094 ; --                   ; rsa_qsys    ; --         ;
; SOPCINFO_FILE                       ; rsa_qsys/synthesis/../../rsa_qsys.sopcinfo                 ; --                   ; --          ; --         ;
; SYNTHESIS_ONLY_QIP                  ; On                                                         ; --                   ; --          ; --         ;
; TOP_LEVEL_ENTITY                    ; DE2_115                                                    ; YuHsinChanIsHandsome ; --          ; --         ;
+-------------------------------------+------------------------------------------------------------+----------------------+-------------+------------+


+-------------------------------------------------------------------------------------------------------------------------------+
; Flow Elapsed Time                                                                                                             ;
+---------------------------+--------------+-------------------------+---------------------+------------------------------------+
; Module Name               ; Elapsed Time ; Average Processors Used ; Peak Virtual Memory ; Total CPU Time (on all processors) ;
+---------------------------+--------------+-------------------------+---------------------+------------------------------------+
; Analysis & Synthesis      ; 00:00:11     ; 1.0                     ; 4797 MB             ; 00:00:16                           ;
; Fitter                    ; 00:00:14     ; 1.7                     ; 6157 MB             ; 00:00:16                           ;
; Assembler                 ; 00:00:09     ; 1.0                     ; 4756 MB             ; 00:00:03                           ;
; TimeQuest Timing Analyzer ; 00:00:05     ; 1.0                     ; 4998 MB             ; 00:00:02                           ;
; Total                     ; 00:00:39     ; --                      ; --                  ; 00:00:37                           ;
+---------------------------+--------------+-------------------------+---------------------+------------------------------------+


+----------------------------------------------------------------------------------------+
; Flow OS Summary                                                                        ;
+---------------------------+------------------+-----------+------------+----------------+
; Module Name               ; Machine Hostname ; OS Name   ; OS Version ; Processor type ;
+---------------------------+------------------+-----------+------------+----------------+
; Analysis & Synthesis      ; DESKTOP-LSBB8SH  ; Windows 7 ; 6.2        ; x86_64         ;
; Fitter                    ; DESKTOP-LSBB8SH  ; Windows 7 ; 6.2        ; x86_64         ;
; Assembler                 ; DESKTOP-LSBB8SH  ; Windows 7 ; 6.2        ; x86_64         ;
; TimeQuest Timing Analyzer ; DESKTOP-LSBB8SH  ; Windows 7 ; 6.2        ; x86_64         ;
+---------------------------+------------------+-----------+------------+----------------+


------------
; Flow Log ;
------------
quartus_map --read_settings_files=on --write_settings_files=off YuHsinChanIsHandsome -c YuHsinChanIsHandsome
quartus_fit --read_settings_files=off --write_settings_files=off YuHsinChanIsHandsome -c YuHsinChanIsHandsome
quartus_asm --read_settings_files=off --write_settings_files=off YuHsinChanIsHandsome -c YuHsinChanIsHandsome
quartus_sta YuHsinChanIsHandsome -c YuHsinChanIsHandsome



